
SQL*Loader: Release 19.0.0.0.0 - Production on Fri Sep 23 10:38:59 2022
Version 19.3.0.0.0

Copyright (c) 1982, 2019, Oracle and/or its affiliates.  All rights reserved.

Control File:   C:/Projects/HongKong_BCT/POC_SpringBoot/SQLLoaderFiles/CustomerAddress.ctl
Data File:      C://Projects//HongKong_BCT//POC_SpringBoot//SQLLoaderFiles//IN//CustomerAddress.csv
  Bad File:     C:/Projects/HongKong_BCT/POC_SpringBoot/SQLLoaderFiles/CustomerAddress.bad
  Discard File:  none specified
 
 (Allow all discards)

Number to load: ALL
Number to skip: 0
Errors allowed: 50
Bind array:     250 rows, maximum of 1048576 bytes
Continuation:    none specified
Path used:      Conventional

Table CUSTOMER_ADDRESS, loaded from every logical record.
Insert option in effect for this table: INSERT
TRAILING NULLCOLS option in effect

   Column Name                  Position   Len  Term Encl Datatype
------------------------------ ---------- ----- ---- ---- ---------------------
CUSTOMER_ID                         FIRST     *   ,  O(") CHARACTER            
STREET                               NEXT     *   ,  O(") CHARACTER            
HOUSENO                              NEXT     *   ,  O(") CHARACTER            
CITY                                 NEXT     *   ,  O(") CHARACTER            
PINCODE                              NEXT     *   ,  O(") CHARACTER            
COUNTRY                              NEXT     *   ,  O(") CHARACTER            


Table CUSTOMER_ADDRESS:
  4 Rows successfully loaded.
  0 Rows not loaded due to data errors.
  0 Rows not loaded because all WHEN clauses were failed.
  0 Rows not loaded because all fields were null.


Space allocated for bind array:                 387000 bytes(250 rows)
Read   buffer bytes: 1048576

Total logical records skipped:          0
Total logical records read:             4
Total logical records rejected:         0
Total logical records discarded:        0

Run began on Fri Sep 23 10:38:59 2022
Run ended on Fri Sep 23 10:39:01 2022

Elapsed time was:     00:00:01.61
CPU time was:         00:00:00.98
